<?xml version="1.0" encoding="UTF-8"?>
<!-- Generated by org.testng.reporters.JUnitReportReporter -->
<testsuite hostname="LAPTOP-4EGU0F44" failures="0" tests="3" name="testCases.MainTest" time="52.066" errors="0" timestamp="2020-08-24T10:42:59 IST" skipped="0">
  <testcase classname="testCases.MainTest" name="Search" time="22.395"/>
  <system-out/>
  <testcase classname="testCases.MainTest" name="filter" time="14.632"/>
  <system-out/>
  <testcase classname="testCases.MainTest" name="printDetails" time="15.039"/>
  <system-out/>
</testsuite> <!-- testCases.MainTest -->
