<?xml version="1.0" encoding="UTF-8"?>
<!-- Generated by org.testng.reporters.JUnitReportReporter -->
<testsuite hostname="LAPTOP-4EGU0F44" failures="0" tests="3" name="testCases.BaseTest" time="35.523" errors="0" timestamp="2020-08-12T09:59:55 IST" skipped="0">
  <testcase classname="testCases.BaseTest" name="Search" time="20.712"/>
  <system-out/>
  <testcase classname="testCases.BaseTest" name="filter" time="12.547"/>
  <system-out/>
  <testcase classname="testCases.BaseTest" name="printDetails" time="2.264"/>
  <system-out/>
</testsuite> <!-- testCases.BaseTest -->
